<html>
<body>
<pre>
<h1>Vision Build Log</h1>
<h2>Tool Versions:</h2>
IDE-Version: μVision V5.23.0.0
Copyright (C) 2017 ARM Ltd and ARM Germany GmbH. All rights reserved.
License Information: li lilongfei429@outlook.com, li, LIC=50D8T-RVCBS-AW92F-6QR0D-UZXPC-0VWJJ
 
Tool Versions:
Toolchain:       MDK-ARM Professional  Version: 5.23
Toolchain Path:  E:\Keil_v5\ARM\ARMCC\Bin
C Compiler:      Armcc.exe V5.06 update 4 (build 422)
Assembler:       Armasm.exe V5.06 update 4 (build 422)
Linker/Locator:  ArmLink.exe V5.06 update 4 (build 422)
Library Manager: ArmAr.exe V5.06 update 4 (build 422)
Hex Converter:   FromElf.exe V5.06 update 4 (build 422)
CPU DLL:         SARMCM3.DLL V5.23
Dialog DLL:      DCM.DLL V1.15.0.0
Target DLL:      Segger\JL2CM3.dll V2.99.23.0
Dialog DLL:      TCM.DLL V1.27.0.0
 
<h2>Project:</h2>
E:\Demo\Car_Demo\USER\CarV1.uvprojx
Project File Date:  09/30/2019

<h2>Output:</h2>
*** Using Compiler 'V5.06 update 4 (build 422)', folder: 'E:\Keil_v5\ARM\ARMCC\Bin'
Build target 'CarV1.2'
compiling Car_Move.c...
Car_Move.h(196): error:  #130: expected a "{"
  void Alertor(uint8_t swch);
Car_Move.c(38): warning:  #12-D: parsing restarts here after previous syntax error
  uint8_t T_RFID[16] = {0x00,0x01,0x02,0x03,0x04,0x05,0x06,0x07,0x08,0x09,0x0A,0x0B,0x0C,0x0D,0x0E,0x0F};
Car_Move.c(38): warning:  #174-D: expression has no effect
  uint8_t T_RFID[16] = {0x00,0x01,0x02,0x03,0x04,0x05,0x06,0x07,0x08,0x09,0x0A,0x0B,0x0C,0x0D,0x0E,0x0F};
Car_Move.c(38): warning:  #174-D: expression has no effect
  uint8_t T_RFID[16] = {0x00,0x01,0x02,0x03,0x04,0x05,0x06,0x07,0x08,0x09,0x0A,0x0B,0x0C,0x0D,0x0E,0x0F};
Car_Move.c(38): warning:  #174-D: expression has no effect
  uint8_t T_RFID[16] = {0x00,0x01,0x02,0x03,0x04,0x05,0x06,0x07,0x08,0x09,0x0A,0x0B,0x0C,0x0D,0x0E,0x0F};
Car_Move.c(38): warning:  #174-D: expression has no effect
  uint8_t T_RFID[16] = {0x00,0x01,0x02,0x03,0x04,0x05,0x06,0x07,0x08,0x09,0x0A,0x0B,0x0C,0x0D,0x0E,0x0F};
Car_Move.c(38): warning:  #174-D: expression has no effect
  uint8_t T_RFID[16] = {0x00,0x01,0x02,0x03,0x04,0x05,0x06,0x07,0x08,0x09,0x0A,0x0B,0x0C,0x0D,0x0E,0x0F};
Car_Move.c(38): warning:  #174-D: expression has no effect
  uint8_t T_RFID[16] = {0x00,0x01,0x02,0x03,0x04,0x05,0x06,0x07,0x08,0x09,0x0A,0x0B,0x0C,0x0D,0x0E,0x0F};
Car_Move.c(38): warning:  #174-D: expression has no effect
  uint8_t T_RFID[16] = {0x00,0x01,0x02,0x03,0x04,0x05,0x06,0x07,0x08,0x09,0x0A,0x0B,0x0C,0x0D,0x0E,0x0F};
Car_Move.c(38): warning:  #174-D: expression has no effect
  uint8_t T_RFID[16] = {0x00,0x01,0x02,0x03,0x04,0x05,0x06,0x07,0x08,0x09,0x0A,0x0B,0x0C,0x0D,0x0E,0x0F};
Car_Move.c(38): warning:  #174-D: expression has no effect
  uint8_t T_RFID[16] = {0x00,0x01,0x02,0x03,0x04,0x05,0x06,0x07,0x08,0x09,0x0A,0x0B,0x0C,0x0D,0x0E,0x0F};
Car_Move.c(38): warning:  #174-D: expression has no effect
  uint8_t T_RFID[16] = {0x00,0x01,0x02,0x03,0x04,0x05,0x06,0x07,0x08,0x09,0x0A,0x0B,0x0C,0x0D,0x0E,0x0F};
Car_Move.c(38): warning:  #174-D: expression has no effect
  uint8_t T_RFID[16] = {0x00,0x01,0x02,0x03,0x04,0x05,0x06,0x07,0x08,0x09,0x0A,0x0B,0x0C,0x0D,0x0E,0x0F};
Car_Move.c(38): warning:  #174-D: expression has no effect
  uint8_t T_RFID[16] = {0x00,0x01,0x02,0x03,0x04,0x05,0x06,0x07,0x08,0x09,0x0A,0x0B,0x0C,0x0D,0x0E,0x0F};
Car_Move.c(38): warning:  #174-D: expression has no effect
  uint8_t T_RFID[16] = {0x00,0x01,0x02,0x03,0x04,0x05,0x06,0x07,0x08,0x09,0x0A,0x0B,0x0C,0x0D,0x0E,0x0F};
Car_Move.c(38): warning:  #174-D: expression has no effect
  uint8_t T_RFID[16] = {0x00,0x01,0x02,0x03,0x04,0x05,0x06,0x07,0x08,0x09,0x0A,0x0B,0x0C,0x0D,0x0E,0x0F};
Car_Move.c(38): warning:  #174-D: expression has no effect
  uint8_t T_RFID[16] = {0x00,0x01,0x02,0x03,0x04,0x05,0x06,0x07,0x08,0x09,0x0A,0x0B,0x0C,0x0D,0x0E,0x0F};
Car_Move.c(38): warning:  #174-D: expression has no effect
  uint8_t T_RFID[16] = {0x00,0x01,0x02,0x03,0x04,0x05,0x06,0x07,0x08,0x09,0x0A,0x0B,0x0C,0x0D,0x0E,0x0F};
Car_Move.c(38): error:  #65: expected a ";"
  uint8_t T_RFID[16] = {0x00,0x01,0x02,0x03,0x04,0x05,0x06,0x07,0x08,0x09,0x0A,0x0B,0x0C,0x0D,0x0E,0x0F};
Car_Move.c(521): warning:  #177-D: variable "data"  was declared but never referenced
  	uint16_t data[]={0x55,0x0B,0x00,0x00,0x00,0x00,0x00,0xBB};
Car_Move.c(572): warning:  #68-D: integer conversion resulted in a change of sign
  	char status = 
I_ERR;
Car_Move.c(582): warning:  #68-D: integer conversion resulted in a change of sign
  		status=
I_ERR;
Car_Move.c(586): warning:  #68-D: integer conversion resulted in a change of sign
  			status=
I_ERR;				
Car_Move.c(590): warning:  #68-D: integer conversion resulted in a change of sign
  				status=
I_ERR;	
Car_Move.c(594): warning:  #68-D: integer conversion resulted in a change of sign
  					status = 
I_ERR;
Car_Move.c(596): error:  #20: identifier "T_RFID" is undefined
  					status = PcdWrite(0x01,T_RFID);			//写卡
Car_Move.c(599): warning:  #68-D: integer conversion resulted in a change of sign
  						status = 
I_ERR;
Car_Move.c(607): warning:  #68-D: integer conversion resulted in a change of sign
  						status = 
I_ERR;
Car_Move.c(577): warning:  #177-D: variable "RXRFIDH"  was declared but never referenced
  	uint8_t RXRFIDH[8];
Car_Move.c(678): warning:  #223-D: function "Voice_Broadast" declared implicitly
  			Voice_Broadast("");
Car_Move.c(689): error:  #247: function "Plate_Code"  has already been defined
  void Plate_Code(uint8_t swch)
Car_Move.c(699): warning:  #223-D: function "Voice_Broadast" declared implicitly
  			Voice_Broadast("");
Car_Move.c(788): error:  #159: declaration is incompatible with previous "Voice_Broadast"  (declared at line 678)
  void Voice_Broadast(char *p)
Car_Move.c(791): warning:  #177-D: variable "test1"  was declared but never referenced
  	uint8_t test1[13]={0xFD,0x00,0x06,0x01,0x03,0xD1,0x53,0x01,0x90};
Car_Move.c: 29 warnings, 5 errors
compiling syn7318.c...
..\USER\Car_Move.h(196): error:  #130: expected a "{"
  void Alertor(uint8_t swch);
..\HARDWARE\Task_Board\syn7318.c(13): warning:  #12-D: parsing restarts here after previous syntax error
  uint8_t Back[6] = {0};   //接收命令回传的数组
..\HARDWARE\Task_Board\syn7318.c(13): warning:  #174-D: expression has no effect
  uint8_t Back[6] = {0};   //接收命令回传的数组
..\HARDWARE\Task_Board\syn7318.c(13): error:  #65: expected a ";"
  uint8_t Back[6] = {0};   //接收命令回传的数组
..\HARDWARE\Task_Board\syn7318.c(155): error:  #20: identifier "Back" is undefined
  	SYN7318_Get_String(Back ,3);
..\HARDWARE\Task_Board\syn7318.c(199): error:  #20: identifier "Back" is undefined
  	SYN7318_Get_String(Back,4);
..\HARDWARE\Task_Board\syn7318.c(233): error:  #20: identifier "Back" is undefined
  	SYN7318_Get_String(Back,4); 
..\HARDWARE\Task_Board\syn7318.c(258): error:  #20: identifier "Back" is undefined
  	SYN7318_Get_String(Back,4);
..\HARDWARE\Task_Board\syn7318.c(277): error:  #20: identifier "Back" is undefined
  	SYN7318_Get_String(Back,4); 
..\HARDWARE\Task_Board\syn7318.c(299): error:  #20: identifier "Back" is undefined
  		SYN7318_Get_String(Back,4);   //接收反馈信息
..\HARDWARE\Task_Board\syn7318.c(610): warning:  #167-D: argument of type "uint8_t *" is incompatible with parameter of type "char *restrict"
          sprintf(str_test,"%d",S[3]);
..\HARDWARE\Task_Board\syn7318.c(621): error:  #20: identifier "Back" is undefined
  		SYN7318_Get_String(Back,4);     //接收反馈信息
..\HARDWARE\Task_Board\syn7318.c: 3 warnings, 9 errors
compiling main.c...
Car_move.h(196): error:  #130: expected a "{"
  void Alertor(uint8_t swch);
main.c(43): warning:  #12-D: parsing restarts here after previous syntax error
  {
main.c(194): warning:  #223-D: function "Hardware_Init" declared implicitly
  	Hardware_Init();						//硬件初始化
main.c: 2 warnings, 1 error
compiling roadway_check.c...
..\USER\Car_Move.h(196): error:  #130: expected a "{"
  void Alertor(uint8_t swch);
..\my_lib\roadway_check.c(37): warning:  #12-D: parsing restarts here after previous syntax error
  {
..\my_lib\roadway_check.c(38): error:  #20: identifier "Roadway_cmp" is undefined
  	Roadway_cmp = CanHost_Mp;
..\my_lib\roadway_check.c(48): error:  #20: identifier "Roadway_cmp" is undefined
  	if(CanHost_Mp > Roadway_cmp)
..\my_lib\roadway_check.c(162): error:  #20: identifier "Wheel_flag" is undefined
  			if(Wheel_flag > 50)
..\my_lib\roadway_check.c(172): error:  #20: identifier "Wheel_flag" is undefined
  			Wheel_flag++;
..\my_lib\roadway_check.c(181): error:  #20: identifier "Wheel_flag" is undefined
  				if(Wheel_flag > 50)
..\my_lib\roadway_check.c(191): error:  #20: identifier "Wheel_flag" is undefined
  				Wheel_flag++;
..\my_lib\roadway_check.c(204): warning:  #223-D: function "Track_Correct" declared implicitly
  				Track_Correct(Get_Host_UpTrack(TRACK_H8));
..\my_lib\roadway_check.c(312): error:  #159: declaration is incompatible with previous "Track_Correct"  (declared at line 204)
  void Track_Correct(uint8_t gd)
..\my_lib\roadway_check.c(325): error:  #20: identifier "LSpeed" is undefined
  			LSpeed=Car_Spend;
..\my_lib\roadway_check.c(326): error:  #20: identifier "RSpeed" is undefined
  			RSpeed=Car_Spend;
..\my_lib\roadway_check.c(328): error:  #20: identifier "Line_Flag" is undefined
  		if(Line_Flag!=2)
..\my_lib\roadway_check.c(333): error:  #20: identifier "LSpeed" is undefined
  				LSpeed=Car_Spend+30;
..\my_lib\roadway_check.c(334): error:  #20: identifier "RSpeed" is undefined
  				RSpeed=Car_Spend-30;
..\my_lib\roadway_check.c(339): error:  #20: identifier "LSpeed" is undefined
  				 LSpeed=Car_Spend+40;
..\my_lib\roadway_check.c(340): error:  #20: identifier "RSpeed" is undefined
  				 RSpeed=Car_Spend-60;				 
..\my_lib\roadway_check.c(345): error:  #20: identifier "LSpeed" is undefined
  				LSpeed = Car_Spend+50;
..\my_lib\roadway_check.c(346): error:  #20: identifier "RSpeed" is undefined
  				RSpeed = Car_Spend-90;
..\my_lib\roadway_check.c(351): error:  #20: identifier "LSpeed" is undefined
  				 LSpeed = Car_Spend+60;
..\my_lib\roadway_check.c(352): error:  #20: identifier "RSpeed" is undefined
  				 RSpeed = Car_Spend-120;			
..\my_lib\roadway_check.c(356): error:  #20: identifier "Line_Flag" is undefined
  		if(Line_Flag!=1)
..\my_lib\roadway_check.c(360): error:  #20: identifier "RSpeed" is undefined
  				 RSpeed = Car_Spend+30;
..\my_lib\roadway_check.c(361): error:  #20: identifier "LSpeed" is undefined
  				 LSpeed = Car_Spend-30;
..\my_lib\roadway_check.c(366): error:  #20: identifier "RSpeed" is undefined
  				 RSpeed = Car_Spend+40;
..\my_lib\roadway_check.c(367): error:  #20: identifier "LSpeed" is undefined
  				 LSpeed = Car_Spend-60;
..\my_lib\roadway_check.c(372): error:  #20: identifier "RSpeed" is undefined
  				 RSpeed = Car_Spend+50;
..\my_lib\roadway_check.c(373): error:  #20: identifier "LSpeed" is undefined
  				 LSpeed = Car_Spend-90;
..\my_lib\roadway_check.c(378): error:  #20: identifier "RSpeed" is undefined
  				 RSpeed = Car_Spend+60;
..\my_lib\roadway_check.c(379): error:  #20: identifier "LSpeed" is undefined
  				 LSpeed = Car_Spend-120;
..\my_lib\roadway_check.c(391): warning:  #223-D: function "SYN_TTS" declared implicitly
  				SYN_TTS("ff");
..\my_lib\roadway_check.c(404): error:  #20: identifier "count" is undefined
  			if(count > 1000)
..\my_lib\roadway_check.c(409): error:  #20: identifier "Line_Flag" is undefined
  					if(Line_Flag ==0) 
..\my_lib\roadway_check.c: 3 warnings, 30 errors
"..\OUTPUT\CarV1.3" - 45 Error(s), 37 Warning(s).

<h2>Collection of Component include folders:</h2>
  .\RTE\_CarV1.2
  E:\Keil_v5\ARM\PACK\Keil\STM32F4xx_DFP\1.0.8\Device\Include

<h2>Collection of Component Files used:</h2>
Target not created.
Build Time Elapsed:  00:00:04
</pre>
</body>
</html>
